<?xml version="1.0" encoding="UTF-8"?>
<!-- Generated by org.testng.reporters.JUnitXMLReporter -->
<testsuite ignored="6" hostname="Nijeesh" failures="0" tests="1" name="Default test" time="16.394" errors="0" timestamp="2024-01-17T16:42:37 IST">
  <testcase classname="nijeeshqwy.ShopMerchantOverAll" name="shopInventoryEdit" time="12.36"/>
  <testcase classname="nijeeshqwy.ShopMerchantOverAll" name="loginTest" time="0.0">
    <ignored/>
  </testcase> <!-- loginTest -->
  <testcase classname="nijeeshqwy.ShopMerchantOverAll" name="shopInventorySearch" time="0.0">
    <ignored/>
  </testcase> <!-- shopInventorySearch -->
  <testcase classname="nijeeshqwy.ShopMerchantOverAll" name="categoryRequestTest" time="0.0">
    <ignored/>
  </testcase> <!-- categoryRequestTest -->
  <testcase classname="nijeeshqwy.ShopMerchantOverAll" name="categorySearchTest" time="0.0">
    <ignored/>
  </testcase> <!-- categorySearchTest -->
  <testcase classname="nijeeshqwy.ShopMerchantOverAll" name="shopInventory" time="0.0">
    <ignored/>
  </testcase> <!-- shopInventory -->
  <testcase classname="nijeeshqwy.ShopMerchantOverAll" name="categoryListsTest" time="0.0">
    <ignored/>
  </testcase> <!-- categoryListsTest -->
</testsuite> <!-- Default test -->
