<?xml version="1.0" encoding="UTF-8"?>
<!-- Generated by org.testng.reporters.JUnitXMLReporter -->
<testsuite ignored="0" hostname="Nijeesh" failures="1" tests="7" name="Test" time="51.823" errors="0" timestamp="2024-01-17T11:46:20 IST">
  <testcase classname="nijeeshqwy.ShopMerchantOverAll" name="loginTest" time="3.51">
    <failure type="java.lang.AssertionError" message="URLs do not match expected [false] but found [true]">
      <![CDATA[java.lang.AssertionError: URLs do not match expected [false] but found [true]
at nijeeshqwy.ShopMerchantOverAll.loginTest(ShopMerchantOverAll.java:65)
at java.base/java.util.ArrayList.forEach(ArrayList.java:1511)
... Removed 30 stack frames]]>
    </failure>
  </testcase> <!-- loginTest -->
  <testcase classname="nijeeshqwy.ShopMerchantOverAll" name="categoryListsTest" time="1.906"/>
  <testcase classname="nijeeshqwy.ShopMerchantOverAll" name="categorySearchTest" time="0.349"/>
  <testcase classname="nijeeshqwy.ShopMerchantOverAll" name="categoryRequestTest" time="6.359"/>
  <testcase classname="nijeeshqwy.ShopMerchantOverAll" name="shopInventory" time="0.24"/>
  <testcase classname="nijeeshqwy.ShopMerchantOverAll" name="shopInventorySearch" time="0.893"/>
  <testcase classname="nijeeshqwy.ShopMerchantOverAll" name="shopInventoryEdit" time="33.473"/>
</testsuite> <!-- Test -->
