<?xml version="1.0" encoding="UTF-8"?>
<testng-results ignored="0" total="7" passed="7" failed="0" skipped="0">
  <reporter-output>
  </reporter-output>
  <suite started-at="2024-01-22T17:48:12 IST" name="Default suite" finished-at="2024-01-22T17:48:42 IST" duration-ms="29415">
    <groups>
    </groups>
    <test started-at="2024-01-22T17:48:12 IST" name="Default test" finished-at="2024-01-22T17:48:42 IST" duration-ms="29415">
      <class name="nijeeshqwy.ShopMerchantOverAll">
        <test-method is-config="true" signature="setup()[pri:0, instance:nijeeshqwy.ShopMerchantOverAll@117159c0]" started-at="2024-01-22T17:48:12 IST" name="setup" finished-at="2024-01-22T17:48:16 IST" duration-ms="3333" status="PASS">
          <reporter-output>
          </reporter-output>
        </test-method> <!-- setup -->
        <test-method signature="loginTest()[pri:1, instance:nijeeshqwy.ShopMerchantOverAll@117159c0]" started-at="2024-01-22T17:48:16 IST" name="loginTest" finished-at="2024-01-22T17:48:19 IST" duration-ms="3350" status="PASS">
          <reporter-output>
          </reporter-output>
        </test-method> <!-- loginTest -->
        <test-method signature="categoryListsTest()[pri:2, instance:nijeeshqwy.ShopMerchantOverAll@117159c0]" started-at="2024-01-22T17:48:19 IST" name="categoryListsTest" finished-at="2024-01-22T17:48:20 IST" duration-ms="753" status="PASS">
          <reporter-output>
          </reporter-output>
        </test-method> <!-- categoryListsTest -->
        <test-method signature="categorySearchTest()[pri:3, instance:nijeeshqwy.ShopMerchantOverAll@117159c0]" started-at="2024-01-22T17:48:20 IST" name="categorySearchTest" finished-at="2024-01-22T17:48:20 IST" duration-ms="265" status="PASS">
          <reporter-output>
          </reporter-output>
        </test-method> <!-- categorySearchTest -->
        <test-method signature="categoryRequestTest()[pri:4, instance:nijeeshqwy.ShopMerchantOverAll@117159c0]" started-at="2024-01-22T17:48:20 IST" name="categoryRequestTest" finished-at="2024-01-22T17:48:26 IST" duration-ms="6160" status="PASS">
          <reporter-output>
          </reporter-output>
        </test-method> <!-- categoryRequestTest -->
        <test-method signature="shopInventory()[pri:5, instance:nijeeshqwy.ShopMerchantOverAll@117159c0]" started-at="2024-01-22T17:48:26 IST" name="shopInventory" finished-at="2024-01-22T17:48:32 IST" duration-ms="6165" status="PASS">
          <reporter-output>
          </reporter-output>
        </test-method> <!-- shopInventory -->
        <test-method signature="shopInventorySearch()[pri:6, instance:nijeeshqwy.ShopMerchantOverAll@117159c0]" started-at="2024-01-22T17:48:32 IST" name="shopInventorySearch" finished-at="2024-01-22T17:48:37 IST" duration-ms="4246" status="PASS">
          <reporter-output>
          </reporter-output>
        </test-method> <!-- shopInventorySearch -->
        <test-method signature="shopInventoryEdit()[pri:7, instance:nijeeshqwy.ShopMerchantOverAll@117159c0]" started-at="2024-01-22T17:48:37 IST" name="shopInventoryEdit" finished-at="2024-01-22T17:48:41 IST" duration-ms="4594" status="PASS">
          <reporter-output>
          </reporter-output>
        </test-method> <!-- shopInventoryEdit -->
        <test-method is-config="true" signature="tearDown()[pri:0, instance:nijeeshqwy.ShopMerchantOverAll@117159c0]" started-at="2024-01-22T17:48:41 IST" name="tearDown" finished-at="2024-01-22T17:48:42 IST" duration-ms="485" status="PASS">
          <reporter-output>
          </reporter-output>
        </test-method> <!-- tearDown -->
      </class> <!-- nijeeshqwy.ShopMerchantOverAll -->
    </test> <!-- Default test -->
  </suite> <!-- Default suite -->
</testng-results>
